This is pdfTeX, Version 3.14159265-2.6-1.40.20 (MiKTeX 2.9.7200 64-bit) (preloaded format=pdflatex 2020.8.18)  18 AUG 2020 06:57
entering extended mode
**./animacao.tex
(animacao.tex
LaTeX2e <2019-10-01> patch level 2
("C:\Program Files\MiKTeX 2.9\tex/latex/base\article.cls"
Document Class: article 2019/10/25 v1.4k Standard LaTeX document class
("C:\Program Files\MiKTeX 2.9\tex/latex/base\size10.clo"
File: size10.clo 2019/10/25 v1.4k Standard LaTeX file (size option)
)
\c@part=\count80
\c@section=\count81
\c@subsection=\count82
\c@subsubsection=\count83
\c@paragraph=\count84
\c@subparagraph=\count85
\c@figure=\count86
\c@table=\count87
\abovecaptionskip=\skip41
\belowcaptionskip=\skip42
\bibindent=\dimen102
)
("C:\Program Files\MiKTeX 2.9\tex/generic/babel\babel.sty"
Package: babel 2019/10/15 3.35 The Babel package

("C:\Program Files\MiKTeX 2.9\tex/generic/babel\switch.def"
File: switch.def 2019/10/15 3.35 Babel switching mechanism
)
*************************************
* Local config file bblopts.cfg used
*
("C:\Program Files\MiKTeX 2.9\tex/latex/arabi\bblopts.cfg"
File: bblopts.cfg 2005/09/08 v0.1 add Arabic and Farsi to "declared" options of
 babel
)
("C:\Program Files\MiKTeX 2.9\tex/latex/babel-portuges\portuges.ldf"
Language: portuges 2008/03/18 v1.2q Portuguese support from the babel system

("C:\Program Files\MiKTeX 2.9\tex/generic/babel\babel.def"
File: babel.def 2019/10/15 3.35 Babel common definitions
\babel@savecnt=\count88
\U@D=\dimen103

("C:\Program Files\MiKTeX 2.9\tex/generic/babel\txtbabel.def")
\bbl@dirlevel=\count89
)
\l@brazil = a dialect from \language\l@portuges 
Package babel Info: Making " an active character on input line 145.
)) (Sweave.sty
Package: Sweave 

("C:\Program Files\MiKTeX 2.9\tex/latex/base\ifthen.sty"
Package: ifthen 2014/09/29 v1.1c Standard LaTeX ifthen package (DPC)
)
("C:\Program Files\MiKTeX 2.9\tex/latex/graphics\graphicx.sty"
Package: graphicx 2017/06/01 v1.1a Enhanced LaTeX Graphics (DPC,SPQR)

("C:\Program Files\MiKTeX 2.9\tex/latex/graphics\keyval.sty"
Package: keyval 2014/10/28 v1.15 key=value parser (DPC)
\KV@toks@=\toks14
)
("C:\Program Files\MiKTeX 2.9\tex/latex/graphics\graphics.sty"
Package: graphics 2019/11/01 v1.3d Standard LaTeX Graphics (DPC,SPQR)

("C:\Program Files\MiKTeX 2.9\tex/latex/graphics\trig.sty"
Package: trig 2016/01/03 v1.10 sin cos tan (DPC)
)
("C:\Program Files\MiKTeX 2.9\tex/latex/graphics-cfg\graphics.cfg"
File: graphics.cfg 2016/06/04 v1.11 sample graphics configuration
)
Package graphics Info: Driver file: pdftex.def on input line 105.

("C:\Program Files\MiKTeX 2.9\tex/latex/graphics-def\pdftex.def"
File: pdftex.def 2018/01/08 v1.0l Graphics/color driver for pdftex
))
\Gin@req@height=\dimen104
\Gin@req@width=\dimen105
)
("C:\Program Files\MiKTeX 2.9\tex/latex/fancyvrb\fancyvrb.sty"
Package: fancyvrb 2019/11/09

Style option: `fancyvrb' v3.4 <2019/11/09> (tvz)
\FV@CodeLineNo=\count90
\FV@InFile=\read1
\FV@TabBox=\box27
\c@FancyVerbLine=\count91
\FV@StepNumber=\count92
\FV@OutFile=\write3
)
("C:\Program Files\MiKTeX 2.9\tex/latex/base\textcomp.sty"
Package: textcomp 2018/08/11 v2.0j Standard LaTeX package
Package textcomp Info: Sub-encoding information:
(textcomp)               5 = only ISO-Adobe without \textcurrency
(textcomp)               4 = 5 + \texteuro
(textcomp)               3 = 4 + \textohm
(textcomp)               2 = 3 + \textestimated + \textcurrency
(textcomp)               1 = TS1 - \textcircled - \t
(textcomp)               0 = TS1 (full)
(textcomp)             Font families with sub-encoding setting implement
(textcomp)             only a restricted character set as indicated.
(textcomp)             Family '?' is the default used for unknown fonts.
(textcomp)             See the documentation for details.
Package textcomp Info: Setting ? sub-encoding to TS1/1 on input line 79.

("C:\Program Files\MiKTeX 2.9\tex/latex/base\ts1enc.def"
File: ts1enc.def 2001/06/05 v3.0e (jk/car/fm) Standard LaTeX file
Now handling font encoding TS1 ...
... processing UTF-8 mapping file for font encoding TS1

("C:\Program Files\MiKTeX 2.9\tex/latex/base\ts1enc.dfu"
File: ts1enc.dfu 2019/07/11 v1.2j UTF-8 support for inputenc
   defining Unicode char U+00A2 (decimal 162)
   defining Unicode char U+00A3 (decimal 163)
   defining Unicode char U+00A4 (decimal 164)
   defining Unicode char U+00A5 (decimal 165)
   defining Unicode char U+00A6 (decimal 166)
   defining Unicode char U+00A7 (decimal 167)
   defining Unicode char U+00A8 (decimal 168)
   defining Unicode char U+00A9 (decimal 169)
   defining Unicode char U+00AA (decimal 170)
   defining Unicode char U+00AC (decimal 172)
   defining Unicode char U+00AE (decimal 174)
   defining Unicode char U+00AF (decimal 175)
   defining Unicode char U+00B0 (decimal 176)
   defining Unicode char U+00B1 (decimal 177)
   defining Unicode char U+00B2 (decimal 178)
   defining Unicode char U+00B3 (decimal 179)
   defining Unicode char U+00B4 (decimal 180)
   defining Unicode char U+00B5 (decimal 181)
   defining Unicode char U+00B6 (decimal 182)
   defining Unicode char U+00B7 (decimal 183)
   defining Unicode char U+00B9 (decimal 185)
   defining Unicode char U+00BA (decimal 186)
   defining Unicode char U+00BC (decimal 188)
   defining Unicode char U+00BD (decimal 189)
   defining Unicode char U+00BE (decimal 190)
   defining Unicode char U+00D7 (decimal 215)
   defining Unicode char U+00F7 (decimal 247)
   defining Unicode char U+0192 (decimal 402)
   defining Unicode char U+02C7 (decimal 711)
   defining Unicode char U+02D8 (decimal 728)
   defining Unicode char U+02DD (decimal 733)
   defining Unicode char U+0E3F (decimal 3647)
   defining Unicode char U+2016 (decimal 8214)
   defining Unicode char U+2020 (decimal 8224)
   defining Unicode char U+2021 (decimal 8225)
   defining Unicode char U+2022 (decimal 8226)
   defining Unicode char U+2030 (decimal 8240)
   defining Unicode char U+2031 (decimal 8241)
   defining Unicode char U+203B (decimal 8251)
   defining Unicode char U+203D (decimal 8253)
   defining Unicode char U+2044 (decimal 8260)
   defining Unicode char U+204E (decimal 8270)
   defining Unicode char U+2052 (decimal 8274)
   defining Unicode char U+20A1 (decimal 8353)
   defining Unicode char U+20A4 (decimal 8356)
   defining Unicode char U+20A6 (decimal 8358)
   defining Unicode char U+20A9 (decimal 8361)
   defining Unicode char U+20AB (decimal 8363)
   defining Unicode char U+20AC (decimal 8364)
   defining Unicode char U+20B1 (decimal 8369)
   defining Unicode char U+2103 (decimal 8451)
   defining Unicode char U+2116 (decimal 8470)
   defining Unicode char U+2117 (decimal 8471)
   defining Unicode char U+211E (decimal 8478)
   defining Unicode char U+2120 (decimal 8480)
   defining Unicode char U+2122 (decimal 8482)
   defining Unicode char U+2126 (decimal 8486)
   defining Unicode char U+2127 (decimal 8487)
   defining Unicode char U+212E (decimal 8494)
   defining Unicode char U+2190 (decimal 8592)
   defining Unicode char U+2191 (decimal 8593)
   defining Unicode char U+2192 (decimal 8594)
   defining Unicode char U+2193 (decimal 8595)
   defining Unicode char U+2329 (decimal 9001)
   defining Unicode char U+232A (decimal 9002)
   defining Unicode char U+2422 (decimal 9250)
   defining Unicode char U+25E6 (decimal 9702)
   defining Unicode char U+25EF (decimal 9711)
   defining Unicode char U+266A (decimal 9834)
   defining Unicode char U+27E8 (decimal 10216)
   defining Unicode char U+27E9 (decimal 10217)
   defining Unicode char U+FEFF (decimal 65279)
))
LaTeX Info: Redefining \oldstylenums on input line 334.
Package textcomp Info: Setting cmr sub-encoding to TS1/0 on input line 349.
Package textcomp Info: Setting cmss sub-encoding to TS1/0 on input line 350.
Package textcomp Info: Setting cmtt sub-encoding to TS1/0 on input line 351.
Package textcomp Info: Setting cmvtt sub-encoding to TS1/0 on input line 352.
Package textcomp Info: Setting cmbr sub-encoding to TS1/0 on input line 353.
Package textcomp Info: Setting cmtl sub-encoding to TS1/0 on input line 354.
Package textcomp Info: Setting ccr sub-encoding to TS1/0 on input line 355.
Package textcomp Info: Setting ptm sub-encoding to TS1/4 on input line 356.
Package textcomp Info: Setting pcr sub-encoding to TS1/4 on input line 357.
Package textcomp Info: Setting phv sub-encoding to TS1/4 on input line 358.
Package textcomp Info: Setting ppl sub-encoding to TS1/3 on input line 359.
Package textcomp Info: Setting pag sub-encoding to TS1/4 on input line 360.
Package textcomp Info: Setting pbk sub-encoding to TS1/4 on input line 361.
Package textcomp Info: Setting pnc sub-encoding to TS1/4 on input line 362.
Package textcomp Info: Setting pzc sub-encoding to TS1/4 on input line 363.
Package textcomp Info: Setting bch sub-encoding to TS1/4 on input line 364.
Package textcomp Info: Setting put sub-encoding to TS1/5 on input line 365.
Package textcomp Info: Setting uag sub-encoding to TS1/5 on input line 366.
Package textcomp Info: Setting ugq sub-encoding to TS1/5 on input line 367.
Package textcomp Info: Setting ul8 sub-encoding to TS1/4 on input line 368.
Package textcomp Info: Setting ul9 sub-encoding to TS1/4 on input line 369.
Package textcomp Info: Setting augie sub-encoding to TS1/5 on input line 370.
Package textcomp Info: Setting dayrom sub-encoding to TS1/3 on input line 371.
Package textcomp Info: Setting dayroms sub-encoding to TS1/3 on input line 372.

Package textcomp Info: Setting pxr sub-encoding to TS1/0 on input line 373.
Package textcomp Info: Setting pxss sub-encoding to TS1/0 on input line 374.
Package textcomp Info: Setting pxtt sub-encoding to TS1/0 on input line 375.
Package textcomp Info: Setting txr sub-encoding to TS1/0 on input line 376.
Package textcomp Info: Setting txss sub-encoding to TS1/0 on input line 377.
Package textcomp Info: Setting txtt sub-encoding to TS1/0 on input line 378.
Package textcomp Info: Setting lmr sub-encoding to TS1/0 on input line 379.
Package textcomp Info: Setting lmdh sub-encoding to TS1/0 on input line 380.
Package textcomp Info: Setting lmss sub-encoding to TS1/0 on input line 381.
Package textcomp Info: Setting lmssq sub-encoding to TS1/0 on input line 382.
Package textcomp Info: Setting lmvtt sub-encoding to TS1/0 on input line 383.
Package textcomp Info: Setting lmtt sub-encoding to TS1/0 on input line 384.
Package textcomp Info: Setting qhv sub-encoding to TS1/0 on input line 385.
Package textcomp Info: Setting qag sub-encoding to TS1/0 on input line 386.
Package textcomp Info: Setting qbk sub-encoding to TS1/0 on input line 387.
Package textcomp Info: Setting qcr sub-encoding to TS1/0 on input line 388.
Package textcomp Info: Setting qcs sub-encoding to TS1/0 on input line 389.
Package textcomp Info: Setting qpl sub-encoding to TS1/0 on input line 390.
Package textcomp Info: Setting qtm sub-encoding to TS1/0 on input line 391.
Package textcomp Info: Setting qzc sub-encoding to TS1/0 on input line 392.
Package textcomp Info: Setting qhvc sub-encoding to TS1/0 on input line 393.
Package textcomp Info: Setting futs sub-encoding to TS1/4 on input line 394.
Package textcomp Info: Setting futx sub-encoding to TS1/4 on input line 395.
Package textcomp Info: Setting futj sub-encoding to TS1/4 on input line 396.
Package textcomp Info: Setting hlh sub-encoding to TS1/3 on input line 397.
Package textcomp Info: Setting hls sub-encoding to TS1/3 on input line 398.
Package textcomp Info: Setting hlst sub-encoding to TS1/3 on input line 399.
Package textcomp Info: Setting hlct sub-encoding to TS1/5 on input line 400.
Package textcomp Info: Setting hlx sub-encoding to TS1/5 on input line 401.
Package textcomp Info: Setting hlce sub-encoding to TS1/5 on input line 402.
Package textcomp Info: Setting hlcn sub-encoding to TS1/5 on input line 403.
Package textcomp Info: Setting hlcw sub-encoding to TS1/5 on input line 404.
Package textcomp Info: Setting hlcf sub-encoding to TS1/5 on input line 405.
Package textcomp Info: Setting pplx sub-encoding to TS1/3 on input line 406.
Package textcomp Info: Setting pplj sub-encoding to TS1/3 on input line 407.
Package textcomp Info: Setting ptmx sub-encoding to TS1/4 on input line 408.
Package textcomp Info: Setting ptmj sub-encoding to TS1/4 on input line 409.
)
("C:\Program Files\MiKTeX 2.9\tex/latex/base\fontenc.sty"
Package: fontenc 2018/08/11 v2.0j Standard LaTeX package

("C:\Program Files\MiKTeX 2.9\tex/latex/base\t1enc.def"
File: t1enc.def 2018/08/11 v2.0j Standard LaTeX file
LaTeX Font Info:    Redeclaring font encoding T1 on input line 48.
))
("C:\Program Files\MiKTeX 2.9\tex/latex/ae\ae.sty"
Package: ae 2001/02/12 1.3 Almost European Computer Modern

("C:\Program Files\MiKTeX 2.9\tex/latex/base\fontenc.sty"
Package: fontenc 2018/08/11 v2.0j Standard LaTeX package

("C:\Program Files\MiKTeX 2.9\tex/latex/base\t1enc.def"
File: t1enc.def 2018/08/11 v2.0j Standard LaTeX file
LaTeX Font Info:    Redeclaring font encoding T1 on input line 48.
)
LaTeX Font Info:    Trying to load font information for T1+aer on input line 10
5.

("C:\Program Files\MiKTeX 2.9\tex/latex/ae\t1aer.fd"
File: t1aer.fd 1997/11/16 Font definitions for T1/aer.
))))
("C:\Program Files\MiKTeX 2.9\tex/latex/animate\animate.sty"
Package: animate 2019/11/05 PDF & SVG animations from files and inline graphics


("C:\Program Files\MiKTeX 2.9\tex/latex/xkeyval\xkeyval.sty"
Package: xkeyval 2014/12/03 v2.7a package option processing (HA)

("C:\Program Files\MiKTeX 2.9\tex/generic/xkeyval\xkeyval.tex"
("C:\Program Files\MiKTeX 2.9\tex/generic/xkeyval\xkvutils.tex"
\XKV@toks=\toks15
\XKV@tempa@toks=\toks16
)
\XKV@depth=\count93
File: xkeyval.tex 2014/12/03 v2.7a key=value parser (HA)
))
(C:\Users\MABENLA\AppData\Roaming\MiKTeX\2.9\tex/generic/iftex\iftex.sty
Package: iftex 2019/11/07 v1.0c TeX engine tests
)
("C:\Program Files\MiKTeX 2.9\tex/latex/oberdiek\ifdraft.sty"
Package: ifdraft 2016/05/16 v1.4 Detect class options draft and final (HO)
)
("C:\Program Files\MiKTeX 2.9\tex/latex/tools\calc.sty"
Package: calc 2017/05/25 v4.3 Infix arithmetic (KKT,FJ)
\calc@Acount=\count94
\calc@Bcount=\count95
\calc@Adimen=\dimen106
\calc@Bdimen=\dimen107
\calc@Askip=\skip43
\calc@Bskip=\skip44
LaTeX Info: Redefining \setlength on input line 80.
LaTeX Info: Redefining \addtolength on input line 81.
\calc@Ccount=\count96
\calc@Cskip=\skip45
)
("C:\Program Files\MiKTeX 2.9\tex/latex/oberdiek\zref-abspage.sty"
Package: zref-abspage 2018/11/21 v2.27 Module abspage for zref (HO)

("C:\Program Files\MiKTeX 2.9\tex/latex/oberdiek\zref-base.sty"
Package: zref-base 2018/11/21 v2.27 Module base for zref (HO)

("C:\Program Files\MiKTeX 2.9\tex/generic/oberdiek\ltxcmds.sty"
Package: ltxcmds 2016/05/16 v1.23 LaTeX kernel commands for general use (HO)
)
("C:\Program Files\MiKTeX 2.9\tex/generic/oberdiek\infwarerr.sty"
Package: infwarerr 2016/05/16 v1.4 Providing info/warning/error messages (HO)
)
("C:\Program Files\MiKTeX 2.9\tex/generic/oberdiek\kvsetkeys.sty"
Package: kvsetkeys 2016/05/16 v1.17 Key value parser (HO)

("C:\Program Files\MiKTeX 2.9\tex/generic/oberdiek\etexcmds.sty"
Package: etexcmds 2016/05/16 v1.6 Avoid name clashes with e-TeX commands (HO)

(C:\Users\MABENLA\AppData\Roaming\MiKTeX\2.9\tex/generic/iftex\ifluatex.sty
Package: ifluatex 2019/10/25 v1.5 ifluatex legacy package. Use iftex instead.
)))
("C:\Program Files\MiKTeX 2.9\tex/generic/oberdiek\kvdefinekeys.sty"
Package: kvdefinekeys 2016/05/16 v1.4 Define keys (HO)
)
("C:\Program Files\MiKTeX 2.9\tex/generic/oberdiek\pdftexcmds.sty"
Package: pdftexcmds 2019/07/25 v0.30 Utility functions of pdfTeX for LuaTeX (HO
)

(C:\Users\MABENLA\AppData\Roaming\MiKTeX\2.9\tex/generic/iftex\ifpdf.sty
Package: ifpdf 2019/10/25 v3.4 ifpdf legacy package. Use iftex instead.
)
Package pdftexcmds Info: LuaTeX not detected.
Package pdftexcmds Info: \pdf@primitive is available.
Package pdftexcmds Info: \pdf@ifprimitive is available.
Package pdftexcmds Info: \pdfdraftmode found.
)
("C:\Program Files\MiKTeX 2.9\tex/latex/oberdiek\auxhook.sty"
Package: auxhook 2016/05/16 v1.4 Hooks for auxiliary files (HO)
)
Package zref Info: New property list: main on input line 759.
Package zref Info: New property: default on input line 760.
Package zref Info: New property: page on input line 761.
)
("C:\Program Files\MiKTeX 2.9\tex/generic/oberdiek\atbegshi.sty"
Package: atbegshi 2016/06/09 v1.18 At begin shipout hook (HO)
)
\c@abspage=\count97
Package zref Info: New property: abspage on input line 62.
)
("C:\Program Files\MiKTeX 2.9\tex/latex/media9\pdfbase.sty"
("C:\Program Files\MiKTeX 2.9\tex/latex/l3kernel\expl3.sty"
Package: expl3 2019-11-07 L3 programming layer (loader) 

("C:\Program Files\MiKTeX 2.9\tex/latex/l3kernel\expl3-code.tex"
Package: expl3 2019-11-07 L3 programming layer (code)
\c_max_int=\count98
\l_tmpa_int=\count99
\l_tmpb_int=\count100
\g_tmpa_int=\count101
\g_tmpb_int=\count102
\l__seq_internal_a_int=\count103
\l__seq_internal_b_int=\count104
\g__kernel_prg_map_int=\count105
\c__ior_term_noprompt_ior=\count106
\c_log_iow=\count107
\l_iow_line_count_int=\count108
\l__iow_line_target_int=\count109
\l__iow_one_indent_int=\count110
\l__iow_indent_int=\count111
\c_zero_dim=\dimen108
\c_max_dim=\dimen109
\l_tmpa_dim=\dimen110
\l_tmpb_dim=\dimen111
\g_tmpa_dim=\dimen112
\g_tmpb_dim=\dimen113
\c_zero_skip=\skip46
\c_max_skip=\skip47
\l_tmpa_skip=\skip48
\l_tmpb_skip=\skip49
\g_tmpa_skip=\skip50
\g_tmpb_skip=\skip51
\c_zero_muskip=\muskip10
\c_max_muskip=\muskip11
\l_tmpa_muskip=\muskip12
\l_tmpb_muskip=\muskip13
\g_tmpa_muskip=\muskip14
\g_tmpb_muskip=\muskip15
\l_keys_choice_int=\count112
\l__intarray_loop_int=\count113
\c__intarray_sp_dim=\dimen114
\g__intarray_font_int=\count114
\c__fp_leading_shift_int=\count115
\c__fp_middle_shift_int=\count116
\c__fp_trailing_shift_int=\count117
\c__fp_big_leading_shift_int=\count118
\c__fp_big_middle_shift_int=\count119
\c__fp_big_trailing_shift_int=\count120
\c__fp_Bigg_leading_shift_int=\count121
\c__fp_Bigg_middle_shift_int=\count122
\c__fp_Bigg_trailing_shift_int=\count123
\c__kernel_randint_max_int=\count124
\g__fp_array_int=\count125
\l__fp_array_loop_int=\count126
\l__sort_length_int=\count127
\l__sort_min_int=\count128
\l__sort_top_int=\count129
\l__sort_max_int=\count130
\l__sort_true_max_int=\count131
\l__sort_block_int=\count132
\l__sort_begin_int=\count133
\l__sort_end_int=\count134
\l__sort_A_int=\count135
\l__sort_B_int=\count136
\l__sort_C_int=\count137
\l__str_internal_int=\count138
\c__str_replacement_char_int=\count139
\l__tl_analysis_normal_int=\count140
\l__tl_analysis_index_int=\count141
\l__tl_analysis_nesting_int=\count142
\l__tl_analysis_type_int=\count143
\l__regex_internal_a_int=\count144
\l__regex_internal_b_int=\count145
\l__regex_internal_c_int=\count146
\l__regex_balance_int=\count147
\l__regex_group_level_int=\count148
\l__regex_mode_int=\count149
\c__regex_cs_in_class_mode_int=\count150
\c__regex_cs_mode_int=\count151
\l__regex_catcodes_int=\count152
\l__regex_default_catcodes_int=\count153
\c__regex_catcode_D_int=\count154
\c__regex_catcode_S_int=\count155
\c__regex_catcode_L_int=\count156
\c__regex_catcode_O_int=\count157
\c__regex_catcode_A_int=\count158
\c__regex_all_catcodes_int=\count159
\l__regex_show_lines_int=\count160
\l__regex_min_state_int=\count161
\l__regex_max_state_int=\count162
\l__regex_left_state_int=\count163
\l__regex_right_state_int=\count164
\l__regex_capturing_group_int=\count165
\l__regex_min_pos_int=\count166
\l__regex_max_pos_int=\count167
\l__regex_curr_pos_int=\count168
\l__regex_start_pos_int=\count169
\l__regex_success_pos_int=\count170
\l__regex_curr_char_int=\count171
\l__regex_curr_catcode_int=\count172
\l__regex_last_char_int=\count173
\l__regex_case_changed_char_int=\count174
\l__regex_curr_state_int=\count175
\l__regex_step_int=\count176
\l__regex_min_active_int=\count177
\l__regex_max_active_int=\count178
\l__regex_replacement_csnames_int=\count179
\l__regex_match_count_int=\count180
\l__regex_min_submatch_int=\count181
\l__regex_submatch_int=\count182
\l__regex_zeroth_submatch_int=\count183
\g__regex_trace_regex_int=\count184
\c_empty_box=\box28
\l_tmpa_box=\box29
\l_tmpb_box=\box30
\g_tmpa_box=\box31
\g_tmpb_box=\box32
\l__box_top_dim=\dimen115
\l__box_bottom_dim=\dimen116
\l__box_left_dim=\dimen117
\l__box_right_dim=\dimen118
\l__box_top_new_dim=\dimen119
\l__box_bottom_new_dim=\dimen120
\l__box_left_new_dim=\dimen121
\l__box_right_new_dim=\dimen122
\l__box_internal_box=\box33
\l__coffin_internal_box=\box34
\l__coffin_internal_dim=\dimen123
\l__coffin_offset_x_dim=\dimen124
\l__coffin_offset_y_dim=\dimen125
\l__coffin_x_dim=\dimen126
\l__coffin_y_dim=\dimen127
\l__coffin_x_prime_dim=\dimen128
\l__coffin_y_prime_dim=\dimen129
\c_empty_coffin=\box35
\l__coffin_aligned_coffin=\box36
\l__coffin_aligned_internal_coffin=\box37
\l_tmpa_coffin=\box38
\l_tmpb_coffin=\box39
\g_tmpa_coffin=\box40
\g_tmpb_coffin=\box41
\l__coffin_bounding_shift_dim=\dimen130
\l__coffin_left_corner_dim=\dimen131
\l__coffin_right_corner_dim=\dimen132
\l__coffin_bottom_corner_dim=\dimen133
\l__coffin_top_corner_dim=\dimen134
\l__coffin_scaled_total_height_dim=\dimen135
\l__coffin_scaled_width_dim=\dimen136
\c__coffin_empty_coffin=\box42
\l__coffin_display_coffin=\box43
\l__coffin_display_coord_coffin=\box44
\l__coffin_display_pole_coffin=\box45
\l__coffin_display_offset_dim=\dimen137
\l__coffin_display_x_dim=\dimen138
\l__coffin_display_y_dim=\dimen139
\g__char_data_ior=\read2

("C:\Program Files\MiKTeX 2.9\tex/latex/l3kernel\l3deprecation.def"
File: l3deprecation.def 2019-04-06 v L3 Deprecated functions
))
(C:\Users\MABENLA\AppData\Roaming\MiKTeX\2.9\tex/latex/l3backend\l3backend-pdfm
ode.def
File: l3backend-pdfmode.def 2019-04-06 L3 Experimental backend support: PDF mod
e
\l__kernel_color_stack_int=\count185
\l__pdf_internal_box=\box46
))
("C:\Program Files\MiKTeX 2.9\tex/latex/l3packages/l3keys2e\l3keys2e.sty"
Package: l3keys2e 2019-10-11 LaTeX2e option processing using LaTeX3 keys
)
Package: pdfbase 2019/11/04 v0.35 driver independent access to low-level PDF fe
atures
\g_pbs_page_int=\count186
\g_pbs_oc_int=\count187
)
("C:\Program Files\MiKTeX 2.9\tex/latex/ocgx2\ocgbase.sty"
Package: ocgbase 2019/11/04 v0.17 support package for ocgx2.sty
\g_ocgbase_nd_int=\count188
)
\@anim@box=\box47
\@anim@measbox=\box48
\@anim@tmpdima=\dimen140
\@anim@tmpdimb=\dimen141
\@anim@num=\count189
\@anim@curframe=\count190
\@anim@curframe@zb=\count191
\@anim@resizeflags=\count192
\@anim@skipfram=\count193
\@anim@mulframecnt=\count194
\@anim@@tmlnfile=\read3
\@anim@tmpcnt=\count195
\c@@anim@ltxcnt=\count196
\@anim@curlayer=\count197
\@anim@lineno=\count198
\@anim@curfield=\count199
\@anim@@resizeflags=\count266
) (animacao.aux)
\openout1 = `animacao.aux'.

LaTeX Font Info:    Checking defaults for OML/cmm/m/it on input line 7.
LaTeX Font Info:    ... okay on input line 7.
LaTeX Font Info:    Checking defaults for T1/cmr/m/n on input line 7.
LaTeX Font Info:    ... okay on input line 7.
LaTeX Font Info:    Checking defaults for OT1/cmr/m/n on input line 7.
LaTeX Font Info:    ... okay on input line 7.
LaTeX Font Info:    Checking defaults for OMS/cmsy/m/n on input line 7.
LaTeX Font Info:    ... okay on input line 7.
LaTeX Font Info:    Checking defaults for OMX/cmex/m/n on input line 7.
LaTeX Font Info:    ... okay on input line 7.
LaTeX Font Info:    Checking defaults for U/cmr/m/n on input line 7.
LaTeX Font Info:    ... okay on input line 7.
LaTeX Font Info:    Checking defaults for TS1/cmr/m/n on input line 7.
LaTeX Font Info:    Trying to load font information for TS1+cmr on input line 7
.

("C:\Program Files\MiKTeX 2.9\tex/latex/base\ts1cmr.fd"
File: ts1cmr.fd 2014/09/29 v2.5h Standard LaTeX font definitions
)
LaTeX Font Info:    ... okay on input line 7.

("C:\Program Files\MiKTeX 2.9\tex/context/base/mkii\supp-pdf.mkii"
[Loading MPS to PDF converter (version 2006.09.02).]
\scratchcounter=\count267
\scratchdimen=\dimen142
\scratchbox=\box49
\nofMPsegments=\count268
\nofMParguments=\count269
\everyMPshowfont=\toks17
\MPscratchCnt=\count270
\MPscratchDim=\dimen143
\MPnumerator=\count271
\makeMPintoPDFobject=\count272
\everyMPtoPDFconversion=\toks18
) ("C:\Program Files\MiKTeX 2.9\tex/latex/oberdiek\epstopdf-base.sty"
Package: epstopdf-base 2016/05/15 v2.6 Base part for package epstopdf

("C:\Program Files\MiKTeX 2.9\tex/latex/oberdiek\grfext.sty"
Package: grfext 2016/05/16 v1.2 Manage graphics extensions (HO)
)
("C:\Program Files\MiKTeX 2.9\tex/latex/oberdiek\kvoptions.sty"
Package: kvoptions 2016/05/16 v3.12 Key value format for package options (HO)
)
Package epstopdf-base Info: Redefining graphics rule for `.eps' on input line 4
38.
Package grfext Info: Graphics extension search list:
(grfext)             [.pdf,.png,.jpg,.mps,.jpeg,.jbig2,.jb2,.PDF,.PNG,.JPG,.JPE
G,.JBIG2,.JB2,.eps]
(grfext)             \AppendGraphicsExtensions on input line 456.
)
\AtBeginShipoutBox=\box50

(animacao-concordance.tex)
<./tabela_normal/normal1.png, id=2, 501.875pt x 250.9375pt>
File: ./tabela_normal/normal1.png Graphic file (type png)
<use ./tabela_normal/normal1.png>
Package pdftex.def Info: ./tabela_normal/normal1.png  used on input line 18.
(pdftex.def)             Requested size: 276.00105pt x 138.00838pt.
 <./tabela_normal/normal1.png> <a0,fr0>
<./tabela_normal/normal2.png, id=13, 501.875pt x 250.9375pt>
File: ./tabela_normal/normal2.png Graphic file (type png)
<use ./tabela_normal/normal2.png>
Package pdftex.def Info: ./tabela_normal/normal2.png  used on input line 18.
(pdftex.def)             Requested size: 276.00105pt x 138.00838pt.
 <./tabela_normal/normal2.png> <a0,fr1>
<./tabela_normal/normal3.png, id=24, 501.875pt x 250.9375pt>
File: ./tabela_normal/normal3.png Graphic file (type png)
<use ./tabela_normal/normal3.png>
Package pdftex.def Info: ./tabela_normal/normal3.png  used on input line 18.
(pdftex.def)             Requested size: 276.00105pt x 138.00838pt.
 <./tabela_normal/normal3.png> <a0,fr2>
<./tabela_normal/normal4.png, id=35, 501.875pt x 250.9375pt>
File: ./tabela_normal/normal4.png Graphic file (type png)
<use ./tabela_normal/normal4.png>
Package pdftex.def Info: ./tabela_normal/normal4.png  used on input line 18.
(pdftex.def)             Requested size: 276.00105pt x 138.00838pt.
 <./tabela_normal/normal4.png> <a0,fr3>
<./tabela_normal/normal5.png, id=46, 501.875pt x 250.9375pt>
File: ./tabela_normal/normal5.png Graphic file (type png)
<use ./tabela_normal/normal5.png>
Package pdftex.def Info: ./tabela_normal/normal5.png  used on input line 18.
(pdftex.def)             Requested size: 276.00105pt x 138.00838pt.
 <./tabela_normal/normal5.png> <a0,fr4>
<./tabela_normal/normal6.png, id=57, 501.875pt x 250.9375pt>
File: ./tabela_normal/normal6.png Graphic file (type png)
<use ./tabela_normal/normal6.png>
Package pdftex.def Info: ./tabela_normal/normal6.png  used on input line 18.
(pdftex.def)             Requested size: 276.00105pt x 138.00838pt.
 <./tabela_normal/normal6.png> <a0,fr5>
<./tabela_normal/normal7.png, id=68, 501.875pt x 250.9375pt>
File: ./tabela_normal/normal7.png Graphic file (type png)
<use ./tabela_normal/normal7.png>
Package pdftex.def Info: ./tabela_normal/normal7.png  used on input line 18.
(pdftex.def)             Requested size: 276.00105pt x 138.00838pt.
 <./tabela_normal/normal7.png> <a0,fr6>
<./tabela_normal/normal8.png, id=79, 501.875pt x 250.9375pt>
File: ./tabela_normal/normal8.png Graphic file (type png)
<use ./tabela_normal/normal8.png>
Package pdftex.def Info: ./tabela_normal/normal8.png  used on input line 18.
(pdftex.def)             Requested size: 276.00105pt x 138.00838pt.
 <./tabela_normal/normal8.png> <a0,fr7>
<./tabela_normal/normal9.png, id=90, 501.875pt x 250.9375pt>
File: ./tabela_normal/normal9.png Graphic file (type png)
<use ./tabela_normal/normal9.png>
Package pdftex.def Info: ./tabela_normal/normal9.png  used on input line 18.
(pdftex.def)             Requested size: 276.00105pt x 138.00838pt.
 <./tabela_normal/normal9.png> <a0,fr8>
<./tabela_normal/normal10.png, id=101, 501.875pt x 250.9375pt>
File: ./tabela_normal/normal10.png Graphic file (type png)
<use ./tabela_normal/normal10.png>
Package pdftex.def Info: ./tabela_normal/normal10.png  used on input line 18.
(pdftex.def)             Requested size: 276.00105pt x 138.00838pt.
 <./tabela_normal/normal10.png> <a0,fr9>
<./tabela_normal/normal11.png, id=112, 501.875pt x 250.9375pt>
File: ./tabela_normal/normal11.png Graphic file (type png)
<use ./tabela_normal/normal11.png>
Package pdftex.def Info: ./tabela_normal/normal11.png  used on input line 18.
(pdftex.def)             Requested size: 276.00105pt x 138.00838pt.
 <./tabela_normal/normal11.png> <a0,fr10>
<./tabela_normal/normal12.png, id=123, 501.875pt x 250.9375pt>
File: ./tabela_normal/normal12.png Graphic file (type png)
<use ./tabela_normal/normal12.png>
Package pdftex.def Info: ./tabela_normal/normal12.png  used on input line 18.
(pdftex.def)             Requested size: 276.00105pt x 138.00838pt.
 <./tabela_normal/normal12.png> <a0,fr11>
<./tabela_normal/normal13.png, id=134, 501.875pt x 250.9375pt>
File: ./tabela_normal/normal13.png Graphic file (type png)
<use ./tabela_normal/normal13.png>
Package pdftex.def Info: ./tabela_normal/normal13.png  used on input line 18.
(pdftex.def)             Requested size: 276.00105pt x 138.00838pt.
 <./tabela_normal/normal13.png> <a0,fr12>
<./tabela_normal/normal14.png, id=145, 501.875pt x 250.9375pt>
File: ./tabela_normal/normal14.png Graphic file (type png)
<use ./tabela_normal/normal14.png>
Package pdftex.def Info: ./tabela_normal/normal14.png  used on input line 18.
(pdftex.def)             Requested size: 276.00105pt x 138.00838pt.
 <./tabela_normal/normal14.png> <a0,fr13>
<./tabela_normal/normal15.png, id=156, 501.875pt x 250.9375pt>
File: ./tabela_normal/normal15.png Graphic file (type png)
<use ./tabela_normal/normal15.png>
Package pdftex.def Info: ./tabela_normal/normal15.png  used on input line 18.
(pdftex.def)             Requested size: 276.00105pt x 138.00838pt.
 <./tabela_normal/normal15.png> <a0,fr14>
<./tabela_normal/normal16.png, id=167, 501.875pt x 250.9375pt>
File: ./tabela_normal/normal16.png Graphic file (type png)
<use ./tabela_normal/normal16.png>
Package pdftex.def Info: ./tabela_normal/normal16.png  used on input line 18.
(pdftex.def)             Requested size: 276.00105pt x 138.00838pt.
 <./tabela_normal/normal16.png> <a0,fr15>
<./tabela_normal/normal17.png, id=178, 501.875pt x 250.9375pt>
File: ./tabela_normal/normal17.png Graphic file (type png)
<use ./tabela_normal/normal17.png>
Package pdftex.def Info: ./tabela_normal/normal17.png  used on input line 18.
(pdftex.def)             Requested size: 276.00105pt x 138.00838pt.
 <./tabela_normal/normal17.png> <a0,fr16>
<./tabela_normal/normal18.png, id=189, 501.875pt x 250.9375pt>
File: ./tabela_normal/normal18.png Graphic file (type png)
<use ./tabela_normal/normal18.png>
Package pdftex.def Info: ./tabela_normal/normal18.png  used on input line 18.
(pdftex.def)             Requested size: 276.00105pt x 138.00838pt.
 <./tabela_normal/normal18.png> <a0,fr17>
<./tabela_normal/normal19.png, id=200, 501.875pt x 250.9375pt>
File: ./tabela_normal/normal19.png Graphic file (type png)
<use ./tabela_normal/normal19.png>
Package pdftex.def Info: ./tabela_normal/normal19.png  used on input line 18.
(pdftex.def)             Requested size: 276.00105pt x 138.00838pt.
 <./tabela_normal/normal19.png> <a0,fr18>
<./tabela_normal/normal20.png, id=211, 501.875pt x 250.9375pt>
File: ./tabela_normal/normal20.png Graphic file (type png)
<use ./tabela_normal/normal20.png>
Package pdftex.def Info: ./tabela_normal/normal20.png  used on input line 18.
(pdftex.def)             Requested size: 276.00105pt x 138.00838pt.
 <./tabela_normal/normal20.png> <a0,fr19>
<./tabela_normal/normal21.png, id=222, 501.875pt x 250.9375pt>
File: ./tabela_normal/normal21.png Graphic file (type png)
<use ./tabela_normal/normal21.png>
Package pdftex.def Info: ./tabela_normal/normal21.png  used on input line 18.
(pdftex.def)             Requested size: 276.00105pt x 138.00838pt.
 <./tabela_normal/normal21.png> <a0,fr20>
<./tabela_normal/normal22.png, id=233, 501.875pt x 250.9375pt>
File: ./tabela_normal/normal22.png Graphic file (type png)
<use ./tabela_normal/normal22.png>
Package pdftex.def Info: ./tabela_normal/normal22.png  used on input line 18.
(pdftex.def)             Requested size: 276.00105pt x 138.00838pt.
 <./tabela_normal/normal22.png> <a0,fr21>
<./tabela_normal/normal23.png, id=244, 501.875pt x 250.9375pt>
File: ./tabela_normal/normal23.png Graphic file (type png)
<use ./tabela_normal/normal23.png>
Package pdftex.def Info: ./tabela_normal/normal23.png  used on input line 18.
(pdftex.def)             Requested size: 276.00105pt x 138.00838pt.
 <./tabela_normal/normal23.png>
<a0,fr22>
<./tabela_normal/normal24.png, id=255, 501.875pt x 250.9375pt>
File: ./tabela_normal/normal24.png Graphic file (type png)
<use ./tabela_normal/normal24.png>
Package pdftex.def Info: ./tabela_normal/normal24.png  used on input line 18.
(pdftex.def)             Requested size: 276.00105pt x 138.00838pt.
 <./tabela_normal/normal24.png> <a0,fr23>
<./tabela_normal/normal25.png, id=266, 501.875pt x 250.9375pt>
File: ./tabela_normal/normal25.png Graphic file (type png)
<use ./tabela_normal/normal25.png>
Package pdftex.def Info: ./tabela_normal/normal25.png  used on input line 18.
(pdftex.def)             Requested size: 276.00105pt x 138.00838pt.
 <./tabela_normal/normal25.png> <a0,fr24>
<./tabela_normal/normal26.png, id=277, 501.875pt x 250.9375pt>
File: ./tabela_normal/normal26.png Graphic file (type png)
<use ./tabela_normal/normal26.png>
Package pdftex.def Info: ./tabela_normal/normal26.png  used on input line 18.
(pdftex.def)             Requested size: 276.00105pt x 138.00838pt.
 <./tabela_normal/normal26.png> <a0,fr25>
<./tabela_normal/normal27.png, id=288, 501.875pt x 250.9375pt>
File: ./tabela_normal/normal27.png Graphic file (type png)
<use ./tabela_normal/normal27.png>
Package pdftex.def Info: ./tabela_normal/normal27.png  used on input line 18.
(pdftex.def)             Requested size: 276.00105pt x 138.00838pt.
 <./tabela_normal/normal27.png> <a0,fr26>
<./tabela_normal/normal28.png, id=299, 501.875pt x 250.9375pt>
File: ./tabela_normal/normal28.png Graphic file (type png)
<use ./tabela_normal/normal28.png>
Package pdftex.def Info: ./tabela_normal/normal28.png  used on input line 18.
(pdftex.def)             Requested size: 276.00105pt x 138.00838pt.
 <./tabela_normal/normal28.png> <a0,fr27>
<./tabela_normal/normal29.png, id=310, 501.875pt x 250.9375pt>
File: ./tabela_normal/normal29.png Graphic file (type png)
<use ./tabela_normal/normal29.png>
Package pdftex.def Info: ./tabela_normal/normal29.png  used on input line 18.
(pdftex.def)             Requested size: 276.00105pt x 138.00838pt.
 <./tabela_normal/normal29.png> <a0,fr28>
<./tabela_normal/normal30.png, id=321, 501.875pt x 250.9375pt>
File: ./tabela_normal/normal30.png Graphic file (type png)
<use ./tabela_normal/normal30.png>
Package pdftex.def Info: ./tabela_normal/normal30.png  used on input line 18.
(pdftex.def)             Requested size: 276.00105pt x 138.00838pt.
 <./tabela_normal/normal30.png> <a0,fr29>
<./tabela_normal/normal31.png, id=332, 501.875pt x 250.9375pt>
File: ./tabela_normal/normal31.png Graphic file (type png)
<use ./tabela_normal/normal31.png>
Package pdftex.def Info: ./tabela_normal/normal31.png  used on input line 18.
(pdftex.def)             Requested size: 276.00105pt x 138.00838pt.
 <./tabela_normal/normal31.png> <a0,fr30>
<./tabela_normal/normal32.png, id=343, 501.875pt x 250.9375pt>
File: ./tabela_normal/normal32.png Graphic file (type png)
<use ./tabela_normal/normal32.png>
Package pdftex.def Info: ./tabela_normal/normal32.png  used on input line 18.
(pdftex.def)             Requested size: 276.00105pt x 138.00838pt.
 <./tabela_normal/normal32.png> <a0,fr31>
<./tabela_normal/normal33.png, id=354, 501.875pt x 250.9375pt>
File: ./tabela_normal/normal33.png Graphic file (type png)
<use ./tabela_normal/normal33.png>
Package pdftex.def Info: ./tabela_normal/normal33.png  used on input line 18.
(pdftex.def)             Requested size: 276.00105pt x 138.00838pt.
 <./tabela_normal/normal33.png> <a0,fr32>
<./tabela_normal/normal34.png, id=365, 501.875pt x 250.9375pt>
File: ./tabela_normal/normal34.png Graphic file (type png)
<use ./tabela_normal/normal34.png>
Package pdftex.def Info: ./tabela_normal/normal34.png  used on input line 18.
(pdftex.def)             Requested size: 276.00105pt x 138.00838pt.
 <./tabela_normal/normal34.png> <a0,fr33>
<./tabela_normal/normal35.png, id=376, 501.875pt x 250.9375pt>
File: ./tabela_normal/normal35.png Graphic file (type png)
<use ./tabela_normal/normal35.png>
Package pdftex.def Info: ./tabela_normal/normal35.png  used on input line 18.
(pdftex.def)             Requested size: 276.00105pt x 138.00838pt.
 <./tabela_normal/normal35.png> <a0,fr34>
<./tabela_normal/normal36.png, id=387, 501.875pt x 250.9375pt>
File: ./tabela_normal/normal36.png Graphic file (type png)
<use ./tabela_normal/normal36.png>
Package pdftex.def Info: ./tabela_normal/normal36.png  used on input line 18.
(pdftex.def)             Requested size: 276.00105pt x 138.00838pt.
 <./tabela_normal/normal36.png> <a0,fr35>
<./tabela_normal/normal37.png, id=398, 501.875pt x 250.9375pt>
File: ./tabela_normal/normal37.png Graphic file (type png)
<use ./tabela_normal/normal37.png>
Package pdftex.def Info: ./tabela_normal/normal37.png  used on input line 18.
(pdftex.def)             Requested size: 276.00105pt x 138.00838pt.
 <./tabela_normal/normal37.png> <a0,fr36>
<./tabela_normal/normal38.png, id=409, 501.875pt x 250.9375pt>
File: ./tabela_normal/normal38.png Graphic file (type png)
<use ./tabela_normal/normal38.png>
Package pdftex.def Info: ./tabela_normal/normal38.png  used on input line 18.
(pdftex.def)             Requested size: 276.00105pt x 138.00838pt.
 <./tabela_normal/normal38.png> <a0,fr37>
<./tabela_normal/normal39.png, id=420, 501.875pt x 250.9375pt>
File: ./tabela_normal/normal39.png Graphic file (type png)
<use ./tabela_normal/normal39.png>
Package pdftex.def Info: ./tabela_normal/normal39.png  used on input line 18.
(pdftex.def)             Requested size: 276.00105pt x 138.00838pt.
 <./tabela_normal/normal39.png> <a0,fr38>
<./tabela_normal/normal40.png, id=431, 501.875pt x 250.9375pt>
File: ./tabela_normal/normal40.png Graphic file (type png)
<use ./tabela_normal/normal40.png>
Package pdftex.def Info: ./tabela_normal/normal40.png  used on input line 18.
(pdftex.def)             Requested size: 276.00105pt x 138.00838pt.
 <./tabela_normal/normal40.png> <a0,fr39>
<./tabela_normal/normal41.png, id=442, 501.875pt x 250.9375pt>
File: ./tabela_normal/normal41.png Graphic file (type png)
<use ./tabela_normal/normal41.png>
Package pdftex.def Info: ./tabela_normal/normal41.png  used on input line 18.
(pdftex.def)             Requested size: 276.00105pt x 138.00838pt.
 <./tabela_normal/normal41.png> <a0,fr40>
<./tabela_normal/normal42.png, id=453, 501.875pt x 250.9375pt>
File: ./tabela_normal/normal42.png Graphic file (type png)
<use ./tabela_normal/normal42.png>
Package pdftex.def Info: ./tabela_normal/normal42.png  used on input line 18.
(pdftex.def)             Requested size: 276.00105pt x 138.00838pt.
 <./tabela_normal/normal42.png> <a0,fr41>
<./tabela_normal/normal43.png, id=464, 501.875pt x 250.9375pt>
File: ./tabela_normal/normal43.png Graphic file (type png)
<use ./tabela_normal/normal43.png>
Package pdftex.def Info: ./tabela_normal/normal43.png  used on input line 18.
(pdftex.def)             Requested size: 276.00105pt x 138.00838pt.
 <./tabela_normal/normal43.png> <a0,fr42>
<./tabela_normal/normal44.png, id=475, 501.875pt x 250.9375pt>
File: ./tabela_normal/normal44.png Graphic file (type png)
<use ./tabela_normal/normal44.png>
Package pdftex.def Info: ./tabela_normal/normal44.png  used on input line 18.
(pdftex.def)             Requested size: 276.00105pt x 138.00838pt.
 <./tabela_normal/normal44.png>
<a0,fr43>
<./tabela_normal/normal45.png, id=486, 501.875pt x 250.9375pt>
File: ./tabela_normal/normal45.png Graphic file (type png)
<use ./tabela_normal/normal45.png>
Package pdftex.def Info: ./tabela_normal/normal45.png  used on input line 18.
(pdftex.def)             Requested size: 276.00105pt x 138.00838pt.
 <./tabela_normal/normal45.png> <a0,fr44>
<./tabela_normal/normal46.png, id=497, 501.875pt x 250.9375pt>
File: ./tabela_normal/normal46.png Graphic file (type png)
<use ./tabela_normal/normal46.png>
Package pdftex.def Info: ./tabela_normal/normal46.png  used on input line 18.
(pdftex.def)             Requested size: 276.00105pt x 138.00838pt.
 <./tabela_normal/normal46.png> <a0,fr45>
<./tabela_normal/normal47.png, id=508, 501.875pt x 250.9375pt>
File: ./tabela_normal/normal47.png Graphic file (type png)
<use ./tabela_normal/normal47.png>
Package pdftex.def Info: ./tabela_normal/normal47.png  used on input line 18.
(pdftex.def)             Requested size: 276.00105pt x 138.00838pt.
 <./tabela_normal/normal47.png> <a0,fr46>
<./tabela_normal/normal48.png, id=519, 501.875pt x 250.9375pt>
File: ./tabela_normal/normal48.png Graphic file (type png)
<use ./tabela_normal/normal48.png>
Package pdftex.def Info: ./tabela_normal/normal48.png  used on input line 18.
(pdftex.def)             Requested size: 276.00105pt x 138.00838pt.
 <./tabela_normal/normal48.png> <a0,fr47>
<./tabela_normal/normal49.png, id=530, 501.875pt x 250.9375pt>
File: ./tabela_normal/normal49.png Graphic file (type png)
<use ./tabela_normal/normal49.png>
Package pdftex.def Info: ./tabela_normal/normal49.png  used on input line 18.
(pdftex.def)             Requested size: 276.00105pt x 138.00838pt.
 <./tabela_normal/normal49.png> <a0,fr48>
<./tabela_normal/normal50.png, id=541, 501.875pt x 250.9375pt>
File: ./tabela_normal/normal50.png Graphic file (type png)
<use ./tabela_normal/normal50.png>
Package pdftex.def Info: ./tabela_normal/normal50.png  used on input line 18.
(pdftex.def)             Requested size: 276.00105pt x 138.00838pt.
 <./tabela_normal/normal50.png> <a0,fr49>
<./tabela_normal/normal51.png, id=552, 501.875pt x 250.9375pt>
File: ./tabela_normal/normal51.png Graphic file (type png)
<use ./tabela_normal/normal51.png>
Package pdftex.def Info: ./tabela_normal/normal51.png  used on input line 18.
(pdftex.def)             Requested size: 276.00105pt x 138.00838pt.
 <./tabela_normal/normal51.png> <a0,fr50>
<./tabela_normal/normal52.png, id=563, 501.875pt x 250.9375pt>
File: ./tabela_normal/normal52.png Graphic file (type png)
<use ./tabela_normal/normal52.png>
Package pdftex.def Info: ./tabela_normal/normal52.png  used on input line 18.
(pdftex.def)             Requested size: 276.00105pt x 138.00838pt.
 <./tabela_normal/normal52.png> <a0,fr51>
<./tabela_normal/normal53.png, id=574, 501.875pt x 250.9375pt>
File: ./tabela_normal/normal53.png Graphic file (type png)
<use ./tabela_normal/normal53.png>
Package pdftex.def Info: ./tabela_normal/normal53.png  used on input line 18.
(pdftex.def)             Requested size: 276.00105pt x 138.00838pt.
 <./tabela_normal/normal53.png> <a0,fr52>
<./tabela_normal/normal54.png, id=585, 501.875pt x 250.9375pt>
File: ./tabela_normal/normal54.png Graphic file (type png)
<use ./tabela_normal/normal54.png>
Package pdftex.def Info: ./tabela_normal/normal54.png  used on input line 18.
(pdftex.def)             Requested size: 276.00105pt x 138.00838pt.
 <./tabela_normal/normal54.png> <a0,fr53>
<./tabela_normal/normal55.png, id=596, 501.875pt x 250.9375pt>
File: ./tabela_normal/normal55.png Graphic file (type png)
<use ./tabela_normal/normal55.png>
Package pdftex.def Info: ./tabela_normal/normal55.png  used on input line 18.
(pdftex.def)             Requested size: 276.00105pt x 138.00838pt.
 <./tabela_normal/normal55.png> <a0,fr54>
<./tabela_normal/normal56.png, id=607, 501.875pt x 250.9375pt>
File: ./tabela_normal/normal56.png Graphic file (type png)
<use ./tabela_normal/normal56.png>
Package pdftex.def Info: ./tabela_normal/normal56.png  used on input line 18.
(pdftex.def)             Requested size: 276.00105pt x 138.00838pt.
 <./tabela_normal/normal56.png> <a0,fr55>
<./tabela_normal/normal57.png, id=618, 501.875pt x 250.9375pt>
File: ./tabela_normal/normal57.png Graphic file (type png)
<use ./tabela_normal/normal57.png>
Package pdftex.def Info: ./tabela_normal/normal57.png  used on input line 18.
(pdftex.def)             Requested size: 276.00105pt x 138.00838pt.
 <./tabela_normal/normal57.png> <a0,fr56>
<./tabela_normal/normal58.png, id=629, 501.875pt x 250.9375pt>
File: ./tabela_normal/normal58.png Graphic file (type png)
<use ./tabela_normal/normal58.png>
Package pdftex.def Info: ./tabela_normal/normal58.png  used on input line 18.
(pdftex.def)             Requested size: 276.00105pt x 138.00838pt.
 <./tabela_normal/normal58.png> <a0,fr57>
<./tabela_normal/normal59.png, id=640, 501.875pt x 250.9375pt>
File: ./tabela_normal/normal59.png Graphic file (type png)
<use ./tabela_normal/normal59.png>
Package pdftex.def Info: ./tabela_normal/normal59.png  used on input line 18.
(pdftex.def)             Requested size: 276.00105pt x 138.00838pt.
 <./tabela_normal/normal59.png> <a0,fr58>
<./tabela_normal/normal60.png, id=651, 501.875pt x 250.9375pt>
File: ./tabela_normal/normal60.png Graphic file (type png)
<use ./tabela_normal/normal60.png>
Package pdftex.def Info: ./tabela_normal/normal60.png  used on input line 18.
(pdftex.def)             Requested size: 276.00105pt x 138.00838pt.
 <./tabela_normal/normal60.png> <a0,fr59>
<./tabela_normal/normal61.png, id=662, 501.875pt x 250.9375pt>
File: ./tabela_normal/normal61.png Graphic file (type png)
<use ./tabela_normal/normal61.png>
Package pdftex.def Info: ./tabela_normal/normal61.png  used on input line 18.
(pdftex.def)             Requested size: 276.00105pt x 138.00838pt.
 <./tabela_normal/normal61.png> <a0,fr60>
<./tabela_normal/normal62.png, id=673, 501.875pt x 250.9375pt>
File: ./tabela_normal/normal62.png Graphic file (type png)
<use ./tabela_normal/normal62.png>
Package pdftex.def Info: ./tabela_normal/normal62.png  used on input line 18.
(pdftex.def)             Requested size: 276.00105pt x 138.00838pt.
 <./tabela_normal/normal62.png> <a0,fr61>
<./tabela_normal/normal63.png, id=684, 501.875pt x 250.9375pt>
File: ./tabela_normal/normal63.png Graphic file (type png)
<use ./tabela_normal/normal63.png>
Package pdftex.def Info: ./tabela_normal/normal63.png  used on input line 18.
(pdftex.def)             Requested size: 276.00105pt x 138.00838pt.
 <./tabela_normal/normal63.png> <a0,fr62>
<./tabela_normal/normal64.png, id=695, 501.875pt x 250.9375pt>
File: ./tabela_normal/normal64.png Graphic file (type png)
<use ./tabela_normal/normal64.png>
Package pdftex.def Info: ./tabela_normal/normal64.png  used on input line 18.
(pdftex.def)             Requested size: 276.00105pt x 138.00838pt.
 <./tabela_normal/normal64.png> <a0,fr63>
<./tabela_normal/normal65.png, id=706, 501.875pt x 250.9375pt>
File: ./tabela_normal/normal65.png Graphic file (type png)
<use ./tabela_normal/normal65.png>
Package pdftex.def Info: ./tabela_normal/normal65.png  used on input line 18.
(pdftex.def)             Requested size: 276.00105pt x 138.00838pt.
 <./tabela_normal/normal65.png>
<a0,fr64>
<./tabela_normal/normal66.png, id=717, 501.875pt x 250.9375pt>
File: ./tabela_normal/normal66.png Graphic file (type png)
<use ./tabela_normal/normal66.png>
Package pdftex.def Info: ./tabela_normal/normal66.png  used on input line 18.
(pdftex.def)             Requested size: 276.00105pt x 138.00838pt.
 <./tabela_normal/normal66.png> <a0,fr65>
<./tabela_normal/normal67.png, id=728, 501.875pt x 250.9375pt>
File: ./tabela_normal/normal67.png Graphic file (type png)
<use ./tabela_normal/normal67.png>
Package pdftex.def Info: ./tabela_normal/normal67.png  used on input line 18.
(pdftex.def)             Requested size: 276.00105pt x 138.00838pt.
 <./tabela_normal/normal67.png> <a0,fr66>
<./tabela_normal/normal68.png, id=739, 501.875pt x 250.9375pt>
File: ./tabela_normal/normal68.png Graphic file (type png)
<use ./tabela_normal/normal68.png>
Package pdftex.def Info: ./tabela_normal/normal68.png  used on input line 18.
(pdftex.def)             Requested size: 276.00105pt x 138.00838pt.
 <./tabela_normal/normal68.png> <a0,fr67>
<./tabela_normal/normal69.png, id=750, 501.875pt x 250.9375pt>
File: ./tabela_normal/normal69.png Graphic file (type png)
<use ./tabela_normal/normal69.png>
Package pdftex.def Info: ./tabela_normal/normal69.png  used on input line 18.
(pdftex.def)             Requested size: 276.00105pt x 138.00838pt.
 <./tabela_normal/normal69.png> <a0,fr68>
<./tabela_normal/normal70.png, id=761, 501.875pt x 250.9375pt>
File: ./tabela_normal/normal70.png Graphic file (type png)
<use ./tabela_normal/normal70.png>
Package pdftex.def Info: ./tabela_normal/normal70.png  used on input line 18.
(pdftex.def)             Requested size: 276.00105pt x 138.00838pt.
 <./tabela_normal/normal70.png> <a0,fr69>
<./tabela_normal/normal71.png, id=772, 501.875pt x 250.9375pt>
File: ./tabela_normal/normal71.png Graphic file (type png)
<use ./tabela_normal/normal71.png>
Package pdftex.def Info: ./tabela_normal/normal71.png  used on input line 18.
(pdftex.def)             Requested size: 276.00105pt x 138.00838pt.
 <./tabela_normal/normal71.png> <a0,fr70>
<./tabela_normal/normal72.png, id=783, 501.875pt x 250.9375pt>
File: ./tabela_normal/normal72.png Graphic file (type png)
<use ./tabela_normal/normal72.png>
Package pdftex.def Info: ./tabela_normal/normal72.png  used on input line 18.
(pdftex.def)             Requested size: 276.00105pt x 138.00838pt.
 <./tabela_normal/normal72.png> <a0,fr71>
<./tabela_normal/normal73.png, id=794, 501.875pt x 250.9375pt>
File: ./tabela_normal/normal73.png Graphic file (type png)
<use ./tabela_normal/normal73.png>
Package pdftex.def Info: ./tabela_normal/normal73.png  used on input line 18.
(pdftex.def)             Requested size: 276.00105pt x 138.00838pt.
 <./tabela_normal/normal73.png> <a0,fr72>
<./tabela_normal/normal74.png, id=805, 501.875pt x 250.9375pt>
File: ./tabela_normal/normal74.png Graphic file (type png)
<use ./tabela_normal/normal74.png>
Package pdftex.def Info: ./tabela_normal/normal74.png  used on input line 18.
(pdftex.def)             Requested size: 276.00105pt x 138.00838pt.
 <./tabela_normal/normal74.png> <a0,fr73>
<./tabela_normal/normal75.png, id=816, 501.875pt x 250.9375pt>
File: ./tabela_normal/normal75.png Graphic file (type png)
<use ./tabela_normal/normal75.png>
Package pdftex.def Info: ./tabela_normal/normal75.png  used on input line 18.
(pdftex.def)             Requested size: 276.00105pt x 138.00838pt.
 <./tabela_normal/normal75.png> <a0,fr74>
<./tabela_normal/normal76.png, id=827, 501.875pt x 250.9375pt>
File: ./tabela_normal/normal76.png Graphic file (type png)
<use ./tabela_normal/normal76.png>
Package pdftex.def Info: ./tabela_normal/normal76.png  used on input line 18.
(pdftex.def)             Requested size: 276.00105pt x 138.00838pt.
 <./tabela_normal/normal76.png> <a0,fr75>
<./tabela_normal/normal77.png, id=838, 501.875pt x 250.9375pt>
File: ./tabela_normal/normal77.png Graphic file (type png)
<use ./tabela_normal/normal77.png>
Package pdftex.def Info: ./tabela_normal/normal77.png  used on input line 18.
(pdftex.def)             Requested size: 276.00105pt x 138.00838pt.
 <./tabela_normal/normal77.png> <a0,fr76>
<./tabela_normal/normal78.png, id=849, 501.875pt x 250.9375pt>
File: ./tabela_normal/normal78.png Graphic file (type png)
<use ./tabela_normal/normal78.png>
Package pdftex.def Info: ./tabela_normal/normal78.png  used on input line 18.
(pdftex.def)             Requested size: 276.00105pt x 138.00838pt.
 <./tabela_normal/normal78.png> <a0,fr77>
<./tabela_normal/normal79.png, id=860, 501.875pt x 250.9375pt>
File: ./tabela_normal/normal79.png Graphic file (type png)
<use ./tabela_normal/normal79.png>
Package pdftex.def Info: ./tabela_normal/normal79.png  used on input line 18.
(pdftex.def)             Requested size: 276.00105pt x 138.00838pt.
 <./tabela_normal/normal79.png> <a0,fr78>
<./tabela_normal/normal80.png, id=871, 501.875pt x 250.9375pt>
File: ./tabela_normal/normal80.png Graphic file (type png)
<use ./tabela_normal/normal80.png>
Package pdftex.def Info: ./tabela_normal/normal80.png  used on input line 18.
(pdftex.def)             Requested size: 276.00105pt x 138.00838pt.
 <./tabela_normal/normal80.png> <a0,fr79>
<./tabela_normal/normal81.png, id=882, 501.875pt x 250.9375pt>
File: ./tabela_normal/normal81.png Graphic file (type png)
<use ./tabela_normal/normal81.png>
Package pdftex.def Info: ./tabela_normal/normal81.png  used on input line 18.
(pdftex.def)             Requested size: 276.00105pt x 138.00838pt.
 <./tabela_normal/normal81.png> <a0,fr80>
<./tabela_normal/normal82.png, id=893, 501.875pt x 250.9375pt>
File: ./tabela_normal/normal82.png Graphic file (type png)
<use ./tabela_normal/normal82.png>
Package pdftex.def Info: ./tabela_normal/normal82.png  used on input line 18.
(pdftex.def)             Requested size: 276.00105pt x 138.00838pt.
 <./tabela_normal/normal82.png> <a0,fr81>
<./tabela_normal/normal83.png, id=904, 501.875pt x 250.9375pt>
File: ./tabela_normal/normal83.png Graphic file (type png)
<use ./tabela_normal/normal83.png>
Package pdftex.def Info: ./tabela_normal/normal83.png  used on input line 18.
(pdftex.def)             Requested size: 276.00105pt x 138.00838pt.
 <./tabela_normal/normal83.png> <a0,fr82>
<./tabela_normal/normal84.png, id=915, 501.875pt x 250.9375pt>
File: ./tabela_normal/normal84.png Graphic file (type png)
<use ./tabela_normal/normal84.png>
Package pdftex.def Info: ./tabela_normal/normal84.png  used on input line 18.
(pdftex.def)             Requested size: 276.00105pt x 138.00838pt.
 <./tabela_normal/normal84.png> <a0,fr83>
<./tabela_normal/normal85.png, id=926, 501.875pt x 250.9375pt>
File: ./tabela_normal/normal85.png Graphic file (type png)
<use ./tabela_normal/normal85.png>
Package pdftex.def Info: ./tabela_normal/normal85.png  used on input line 18.
(pdftex.def)             Requested size: 276.00105pt x 138.00838pt.
 <./tabela_normal/normal85.png> <a0,fr84>
<./tabela_normal/normal86.png, id=937, 501.875pt x 250.9375pt>
File: ./tabela_normal/normal86.png Graphic file (type png)
<use ./tabela_normal/normal86.png>
Package pdftex.def Info: ./tabela_normal/normal86.png  used on input line 18.
(pdftex.def)             Requested size: 276.00105pt x 138.00838pt.
 <./tabela_normal/normal86.png>
<a0,fr85>
<./tabela_normal/normal87.png, id=948, 501.875pt x 250.9375pt>
File: ./tabela_normal/normal87.png Graphic file (type png)
<use ./tabela_normal/normal87.png>
Package pdftex.def Info: ./tabela_normal/normal87.png  used on input line 18.
(pdftex.def)             Requested size: 276.00105pt x 138.00838pt.
 <./tabela_normal/normal87.png> <a0,fr86>
<./tabela_normal/normal88.png, id=959, 501.875pt x 250.9375pt>
File: ./tabela_normal/normal88.png Graphic file (type png)
<use ./tabela_normal/normal88.png>
Package pdftex.def Info: ./tabela_normal/normal88.png  used on input line 18.
(pdftex.def)             Requested size: 276.00105pt x 138.00838pt.
 <./tabela_normal/normal88.png> <a0,fr87>
<./tabela_normal/normal89.png, id=970, 501.875pt x 250.9375pt>
File: ./tabela_normal/normal89.png Graphic file (type png)
<use ./tabela_normal/normal89.png>
Package pdftex.def Info: ./tabela_normal/normal89.png  used on input line 18.
(pdftex.def)             Requested size: 276.00105pt x 138.00838pt.
 <./tabela_normal/normal89.png> <a0,fr88>
<./tabela_normal/normal90.png, id=981, 501.875pt x 250.9375pt>
File: ./tabela_normal/normal90.png Graphic file (type png)
<use ./tabela_normal/normal90.png>
Package pdftex.def Info: ./tabela_normal/normal90.png  used on input line 18.
(pdftex.def)             Requested size: 276.00105pt x 138.00838pt.
 <./tabela_normal/normal90.png> <a0,fr89>
<./tabela_normal/normal91.png, id=992, 501.875pt x 250.9375pt>
File: ./tabela_normal/normal91.png Graphic file (type png)
<use ./tabela_normal/normal91.png>
Package pdftex.def Info: ./tabela_normal/normal91.png  used on input line 18.
(pdftex.def)             Requested size: 276.00105pt x 138.00838pt.
 <./tabela_normal/normal91.png> <a0,fr90>
<./tabela_normal/normal92.png, id=1003, 501.875pt x 250.9375pt>
File: ./tabela_normal/normal92.png Graphic file (type png)
<use ./tabela_normal/normal92.png>
Package pdftex.def Info: ./tabela_normal/normal92.png  used on input line 18.
(pdftex.def)             Requested size: 276.00105pt x 138.00838pt.
 <./tabela_normal/normal92.png> <a0,fr91>
<./tabela_normal/normal93.png, id=1014, 501.875pt x 250.9375pt>
File: ./tabela_normal/normal93.png Graphic file (type png)
<use ./tabela_normal/normal93.png>
Package pdftex.def Info: ./tabela_normal/normal93.png  used on input line 18.
(pdftex.def)             Requested size: 276.00105pt x 138.00838pt.
 <./tabela_normal/normal93.png> <a0,fr92>
<./tabela_normal/normal94.png, id=1025, 501.875pt x 250.9375pt>
File: ./tabela_normal/normal94.png Graphic file (type png)
<use ./tabela_normal/normal94.png>
Package pdftex.def Info: ./tabela_normal/normal94.png  used on input line 18.
(pdftex.def)             Requested size: 276.00105pt x 138.00838pt.
 <./tabela_normal/normal94.png> <a0,fr93>
<./tabela_normal/normal95.png, id=1036, 501.875pt x 250.9375pt>
File: ./tabela_normal/normal95.png Graphic file (type png)
<use ./tabela_normal/normal95.png>
Package pdftex.def Info: ./tabela_normal/normal95.png  used on input line 18.
(pdftex.def)             Requested size: 276.00105pt x 138.00838pt.
 <./tabela_normal/normal95.png> <a0,fr94>
<./tabela_normal/normal96.png, id=1047, 501.875pt x 250.9375pt>
File: ./tabela_normal/normal96.png Graphic file (type png)
<use ./tabela_normal/normal96.png>
Package pdftex.def Info: ./tabela_normal/normal96.png  used on input line 18.
(pdftex.def)             Requested size: 276.00105pt x 138.00838pt.
 <./tabela_normal/normal96.png> <a0,fr95>
<./tabela_normal/normal97.png, id=1058, 501.875pt x 250.9375pt>
File: ./tabela_normal/normal97.png Graphic file (type png)
<use ./tabela_normal/normal97.png>
Package pdftex.def Info: ./tabela_normal/normal97.png  used on input line 18.
(pdftex.def)             Requested size: 276.00105pt x 138.00838pt.
 <./tabela_normal/normal97.png> <a0,fr96>
<./tabela_normal/normal98.png, id=1069, 501.875pt x 250.9375pt>
File: ./tabela_normal/normal98.png Graphic file (type png)
<use ./tabela_normal/normal98.png>
Package pdftex.def Info: ./tabela_normal/normal98.png  used on input line 18.
(pdftex.def)             Requested size: 276.00105pt x 138.00838pt.
 <./tabela_normal/normal98.png> <a0,fr97>
<./tabela_normal/normal99.png, id=1080, 501.875pt x 250.9375pt>
File: ./tabela_normal/normal99.png Graphic file (type png)
<use ./tabela_normal/normal99.png>
Package pdftex.def Info: ./tabela_normal/normal99.png  used on input line 18.
(pdftex.def)             Requested size: 276.00105pt x 138.00838pt.
 <./tabela_normal/normal99.png> <a0,fr98>
<./tabela_normal/normal100.png, id=1091, 501.875pt x 250.9375pt>
File: ./tabela_normal/normal100.png Graphic file (type png)
<use ./tabela_normal/normal100.png>
Package pdftex.def Info: ./tabela_normal/normal100.png  used on input line 18.
(pdftex.def)             Requested size: 276.00105pt x 138.00838pt.
 <./tabela_normal/normal100.png> <a0,fr99>
LaTeX Font Info:    External font `cmex10' loaded for size
(Font)              <8> on input line 26.
LaTeX Font Info:    External font `cmex10' loaded for size
(Font)              <6> on input line 26.
LaTeX Font Info:    External font `cmex10' loaded for size
(Font)              <5> on input line 26.

Overfull \hbox (10.3304pt too wide) in paragraph at lines 26--72
 [] 
 []

[1

{C:/Users/MABENLA/AppData/Local/MiKTeX/2.9/pdftex/config/pdftex.map}]
(animacao.aux) ) 
Here is how much of TeX's memory you used:
 15601 strings out of 492446
 293352 string characters out of 3129612
 359944 words of memory out of 3000000
 19736 multiletter control sequences out of 15000+200000
 546190 words of font info for 48 fonts, out of 3000000 for 9000
 1141 hyphenation exceptions out of 8191
 54i,6n,71p,306b,389s stack positions out of 5000i,500n,10000p,200000b,50000s
<C:/Program Files/MiKTeX 2.9/fonts/type1/public/amsfonts/cm/cmr
12.pfb><C:/Program Files/MiKTeX 2.9/fonts/type1/public/amsfonts/cm/cmr8.pfb>
Output written on animacao.pdf (1 page, 434713 bytes).
PDF statistics:
 1146 PDF objects out of 1200 (max. 8388607)
 0 named destinations out of 1000 (max. 500000)
 2967 words of extra memory for PDF output out of 10000 (max. 10000000)

